[23-01-2019 20:10:14] PayPal\Core\PayPalHttpConnection : INFO: POST https://api.sandbox.paypal.com/v1/oauth2/token
[23-01-2019 20:10:15] PayPal\Core\PayPalHttpConnection : INFO: Response Status 	: 200
[23-01-2019 20:10:15] PayPal\Core\PayPalHttpConnection : INFO: GET https://api.sandbox.paypal.com/v1/payments/payment/PAY-92F44128EE2287333LREMTOY
[23-01-2019 20:10:15] PayPal\Core\PayPalHttpConnection : INFO: Response Status 	: 200
[23-01-2019 20:10:15] PayPal\Core\PayPalHttpConnection : INFO: POST https://api.sandbox.paypal.com/v1/payments/payment/PAY-92F44128EE2287333LREMTOY/execute
[23-01-2019 20:10:19] PayPal\Core\PayPalHttpConnection : INFO: Response Status 	: 200
[23-01-2019 20:10:19] PayPal\Core\PayPalHttpConnection : INFO: GET https://api.sandbox.paypal.com/v1/payments/payment/PAY-92F44128EE2287333LREMTOY
[23-01-2019 20:10:20] PayPal\Core\PayPalHttpConnection : INFO: Response Status 	: 200
[23-01-2019 20:10:20] PayPal\Core\PayPalHttpConnection : INFO: GET https://api.sandbox.paypal.com/v1/payments/orders/O-80T24730AY449480Y
[23-01-2019 20:10:21] PayPal\Core\PayPalHttpConnection : INFO: Response Status 	: 200
[23-01-2019 20:11:41] PayPal\Core\PayPalHttpConnection : INFO: POST https://api.sandbox.paypal.com/v1/oauth2/token
[23-01-2019 20:11:41] PayPal\Core\PayPalHttpConnection : INFO: Response Status 	: 200
[23-01-2019 20:11:41] PayPal\Core\PayPalHttpConnection : INFO: GET https://api.sandbox.paypal.com/v1/payments/payment/PAY-92F44128EE2287333LREMTOY
[23-01-2019 20:11:42] PayPal\Core\PayPalHttpConnection : INFO: Response Status 	: 200
[23-01-2019 20:11:42] PayPal\Core\PayPalHttpConnection : INFO: POST https://api.sandbox.paypal.com/v1/payments/payment/PAY-92F44128EE2287333LREMTOY/execute
[23-01-2019 20:11:42] PayPal\Core\PayPalHttpConnection : INFO: Response Status 	: 400
[23-01-2019 20:11:42] PayPal\Core\PayPalHttpConnection : ERROR: Got Http response code 400 when accessing https://api.sandbox.paypal.com/v1/payments/payment/PAY-92F44128EE2287333LREMTOY/execute. {"name":"PAYMENT_ALREADY_DONE","message":"Payment has been done already for this cart.","information_link":"https://developer.paypal.com/docs/api/payments/#errors","debug_id":"2e967266756a5"}
[23-01-2019 20:12:38] PayPal\Core\PayPalHttpConnection : INFO: POST https://api.sandbox.paypal.com/v1/oauth2/token
[23-01-2019 20:12:38] PayPal\Core\PayPalHttpConnection : INFO: Response Status 	: 200
[23-01-2019 20:12:38] PayPal\Core\PayPalHttpConnection : INFO: GET https://api.sandbox.paypal.com/v1/payments/payment/PAY-8RL89250AU835121RLREMVII
[23-01-2019 20:12:39] PayPal\Core\PayPalHttpConnection : INFO: Response Status 	: 200
[23-01-2019 20:12:39] PayPal\Core\PayPalHttpConnection : INFO: POST https://api.sandbox.paypal.com/v1/payments/payment/PAY-8RL89250AU835121RLREMVII/execute
[23-01-2019 20:12:43] PayPal\Core\PayPalHttpConnection : INFO: Response Status 	: 200
[23-01-2019 20:12:43] PayPal\Core\PayPalHttpConnection : INFO: GET https://api.sandbox.paypal.com/v1/payments/payment/PAY-8RL89250AU835121RLREMVII
[23-01-2019 20:12:44] PayPal\Core\PayPalHttpConnection : INFO: Response Status 	: 200
[23-01-2019 20:12:44] PayPal\Core\PayPalHttpConnection : INFO: GET https://api.sandbox.paypal.com/v1/payments/orders/O-3T705390XT512923M
[23-01-2019 20:12:44] PayPal\Core\PayPalHttpConnection : INFO: Response Status 	: 200
[23-01-2019 20:14:16] PayPal\Core\PayPalHttpConnection : INFO: POST https://api.sandbox.paypal.com/v1/oauth2/token
[23-01-2019 20:14:16] PayPal\Core\PayPalHttpConnection : INFO: Response Status 	: 200
[23-01-2019 20:14:16] PayPal\Core\PayPalHttpConnection : INFO: GET https://api.sandbox.paypal.com/v1/payments/payment/PAY-8RL89250AU835121RLREMVII
[23-01-2019 20:14:17] PayPal\Core\PayPalHttpConnection : INFO: Response Status 	: 200
[23-01-2019 20:14:17] PayPal\Core\PayPalHttpConnection : INFO: POST https://api.sandbox.paypal.com/v1/payments/payment/PAY-8RL89250AU835121RLREMVII/execute
[23-01-2019 20:14:18] PayPal\Core\PayPalHttpConnection : INFO: Response Status 	: 400
[23-01-2019 20:14:18] PayPal\Core\PayPalHttpConnection : ERROR: Got Http response code 400 when accessing https://api.sandbox.paypal.com/v1/payments/payment/PAY-8RL89250AU835121RLREMVII/execute. {"name":"PAYMENT_ALREADY_DONE","message":"Payment has been done already for this cart.","information_link":"https://developer.paypal.com/docs/api/payments/#errors","debug_id":"a56246d99c48f"}
[23-01-2019 20:14:44] PayPal\Core\PayPalHttpConnection : INFO: POST https://api.sandbox.paypal.com/v1/oauth2/token
[23-01-2019 20:14:44] PayPal\Core\PayPalHttpConnection : INFO: Response Status 	: 200
[23-01-2019 20:14:44] PayPal\Core\PayPalHttpConnection : INFO: GET https://api.sandbox.paypal.com/v1/payments/payment/PAY-34W863599N532001WLREMWIA
[23-01-2019 20:14:45] PayPal\Core\PayPalHttpConnection : INFO: Response Status 	: 200
[23-01-2019 20:14:45] PayPal\Core\PayPalHttpConnection : INFO: POST https://api.sandbox.paypal.com/v1/payments/payment/PAY-34W863599N532001WLREMWIA/execute
[23-01-2019 20:14:49] PayPal\Core\PayPalHttpConnection : INFO: Response Status 	: 200
[23-01-2019 20:14:49] PayPal\Core\PayPalHttpConnection : INFO: GET https://api.sandbox.paypal.com/v1/payments/payment/PAY-34W863599N532001WLREMWIA
[23-01-2019 20:14:49] PayPal\Core\PayPalHttpConnection : INFO: Response Status 	: 200
[23-01-2019 20:14:49] PayPal\Core\PayPalHttpConnection : INFO: GET https://api.sandbox.paypal.com/v1/payments/orders/O-85K6817248124791Y
[23-01-2019 20:14:50] PayPal\Core\PayPalHttpConnection : INFO: Response Status 	: 200
[23-01-2019 20:21:17] PayPal\Core\PayPalHttpConnection : INFO: POST https://api.sandbox.paypal.com/v1/oauth2/token
[23-01-2019 20:21:17] PayPal\Core\PayPalHttpConnection : INFO: Response Status 	: 200
[23-01-2019 20:21:17] PayPal\Core\PayPalHttpConnection : INFO: GET https://api.sandbox.paypal.com/v1/payments/payment/PAY-34W863599N532001WLREMWIA
[23-01-2019 20:21:18] PayPal\Core\PayPalHttpConnection : INFO: Response Status 	: 200
[23-01-2019 20:21:18] PayPal\Core\PayPalHttpConnection : INFO: POST https://api.sandbox.paypal.com/v1/payments/payment/PAY-34W863599N532001WLREMWIA/execute
[23-01-2019 20:21:19] PayPal\Core\PayPalHttpConnection : INFO: Response Status 	: 400
[23-01-2019 20:21:19] PayPal\Core\PayPalHttpConnection : ERROR: Got Http response code 400 when accessing https://api.sandbox.paypal.com/v1/payments/payment/PAY-34W863599N532001WLREMWIA/execute. {"name":"PAYMENT_ALREADY_DONE","message":"Payment has been done already for this cart.","information_link":"https://developer.paypal.com/docs/api/payments/#errors","debug_id":"9876028a13282"}
[23-01-2019 20:21:47] PayPal\Core\PayPalHttpConnection : INFO: POST https://api.sandbox.paypal.com/v1/oauth2/token
[23-01-2019 20:21:48] PayPal\Core\PayPalHttpConnection : INFO: Response Status 	: 200
[23-01-2019 20:21:48] PayPal\Core\PayPalHttpConnection : INFO: GET https://api.sandbox.paypal.com/v1/payments/payment/PAY-2D7559547D4061649LREMZRI
[23-01-2019 20:21:48] PayPal\Core\PayPalHttpConnection : INFO: Response Status 	: 200
[23-01-2019 20:21:48] PayPal\Core\PayPalHttpConnection : INFO: POST https://api.sandbox.paypal.com/v1/payments/payment/PAY-2D7559547D4061649LREMZRI/execute
[23-01-2019 20:21:52] PayPal\Core\PayPalHttpConnection : INFO: Response Status 	: 200
[23-01-2019 20:21:52] PayPal\Core\PayPalHttpConnection : INFO: GET https://api.sandbox.paypal.com/v1/payments/payment/PAY-2D7559547D4061649LREMZRI
[23-01-2019 20:21:53] PayPal\Core\PayPalHttpConnection : INFO: Response Status 	: 200
[23-01-2019 20:21:53] PayPal\Core\PayPalHttpConnection : INFO: GET https://api.sandbox.paypal.com/v1/payments/orders/O-43D332217M987992X
[23-01-2019 20:21:53] PayPal\Core\PayPalHttpConnection : INFO: Response Status 	: 200
[23-01-2019 20:24:58] PayPal\Core\PayPalHttpConnection : INFO: POST https://api.sandbox.paypal.com/v1/oauth2/token
[23-01-2019 20:24:59] PayPal\Core\PayPalHttpConnection : INFO: Response Status 	: 200
[23-01-2019 20:24:59] PayPal\Core\PayPalHttpConnection : INFO: GET https://api.sandbox.paypal.com/v1/payments/payment/PAY-5YW37342VT244480BLREM24I
[23-01-2019 20:24:59] PayPal\Core\PayPalHttpConnection : INFO: Response Status 	: 200
[23-01-2019 20:24:59] PayPal\Core\PayPalHttpConnection : INFO: POST https://api.sandbox.paypal.com/v1/payments/payment/PAY-5YW37342VT244480BLREM24I/execute
[23-01-2019 20:25:03] PayPal\Core\PayPalHttpConnection : INFO: Response Status 	: 200
[23-01-2019 20:25:03] PayPal\Core\PayPalHttpConnection : INFO: GET https://api.sandbox.paypal.com/v1/payments/payment/PAY-5YW37342VT244480BLREM24I
[23-01-2019 20:25:04] PayPal\Core\PayPalHttpConnection : INFO: Response Status 	: 200
[23-01-2019 20:25:04] PayPal\Core\PayPalHttpConnection : INFO: GET https://api.sandbox.paypal.com/v1/payments/orders/O-5G71355102174364N
[23-01-2019 20:25:05] PayPal\Core\PayPalHttpConnection : INFO: Response Status 	: 200
[23-01-2019 20:27:05] PayPal\Core\PayPalHttpConnection : INFO: POST https://api.sandbox.paypal.com/v1/oauth2/token
[23-01-2019 20:27:06] PayPal\Core\PayPalHttpConnection : INFO: Response Status 	: 200
[23-01-2019 20:27:06] PayPal\Core\PayPalHttpConnection : INFO: GET https://api.sandbox.paypal.com/v1/payments/payment/PAY-83U77026XH920111KLREM4CA
[23-01-2019 20:27:06] PayPal\Core\PayPalHttpConnection : INFO: Response Status 	: 200
[23-01-2019 20:27:06] PayPal\Core\PayPalHttpConnection : INFO: POST https://api.sandbox.paypal.com/v1/payments/payment/PAY-83U77026XH920111KLREM4CA/execute
[23-01-2019 20:27:10] PayPal\Core\PayPalHttpConnection : INFO: Response Status 	: 200
[23-01-2019 20:27:10] PayPal\Core\PayPalHttpConnection : INFO: GET https://api.sandbox.paypal.com/v1/payments/payment/PAY-83U77026XH920111KLREM4CA
[23-01-2019 20:27:11] PayPal\Core\PayPalHttpConnection : INFO: Response Status 	: 200
[23-01-2019 20:27:11] PayPal\Core\PayPalHttpConnection : INFO: GET https://api.sandbox.paypal.com/v1/payments/orders/O-1GK30905BJ351643J
[23-01-2019 20:27:11] PayPal\Core\PayPalHttpConnection : INFO: Response Status 	: 200
[23-01-2019 20:30:17] PayPal\Core\PayPalHttpConnection : INFO: POST https://api.sandbox.paypal.com/v1/oauth2/token
[23-01-2019 20:30:18] PayPal\Core\PayPalHttpConnection : INFO: Response Status 	: 200
[23-01-2019 20:30:18] PayPal\Core\PayPalHttpConnection : INFO: GET https://api.sandbox.paypal.com/v1/payments/payment/PAY-7TC42689U5235620XLREM5RA
[23-01-2019 20:30:18] PayPal\Core\PayPalHttpConnection : INFO: Response Status 	: 200
[23-01-2019 20:30:18] PayPal\Core\PayPalHttpConnection : INFO: POST https://api.sandbox.paypal.com/v1/payments/payment/PAY-7TC42689U5235620XLREM5RA/execute
[23-01-2019 20:30:22] PayPal\Core\PayPalHttpConnection : INFO: Response Status 	: 200
[23-01-2019 20:30:22] PayPal\Core\PayPalHttpConnection : INFO: GET https://api.sandbox.paypal.com/v1/payments/payment/PAY-7TC42689U5235620XLREM5RA
[23-01-2019 20:30:23] PayPal\Core\PayPalHttpConnection : INFO: Response Status 	: 200
[23-01-2019 20:30:23] PayPal\Core\PayPalHttpConnection : INFO: GET https://api.sandbox.paypal.com/v1/payments/orders/O-96582928J78838225
[23-01-2019 20:30:24] PayPal\Core\PayPalHttpConnection : INFO: Response Status 	: 200
[24-01-2019 20:55:39] PayPal\Core\PayPalHttpConnection : INFO: POST https://api.sandbox.paypal.com/v1/oauth2/token
[24-01-2019 20:55:39] PayPal\Core\PayPalHttpConnection : INFO: Response Status 	: 200
[24-01-2019 20:55:39] PayPal\Core\PayPalHttpConnection : INFO: GET https://api.sandbox.paypal.com/v1/payments/payment/PAY-0N016865JY869032KLRFCMKQ
[24-01-2019 20:55:40] PayPal\Core\PayPalHttpConnection : INFO: Response Status 	: 200
[24-01-2019 20:55:40] PayPal\Core\PayPalHttpConnection : INFO: POST https://api.sandbox.paypal.com/v1/payments/payment/PAY-0N016865JY869032KLRFCMKQ/execute
[24-01-2019 20:55:44] PayPal\Core\PayPalHttpConnection : INFO: Response Status 	: 200
[24-01-2019 20:55:44] PayPal\Core\PayPalHttpConnection : INFO: GET https://api.sandbox.paypal.com/v1/payments/payment/PAY-0N016865JY869032KLRFCMKQ
[24-01-2019 20:55:46] PayPal\Core\PayPalHttpConnection : INFO: Response Status 	: 200
[24-01-2019 20:55:46] PayPal\Core\PayPalHttpConnection : INFO: GET https://api.sandbox.paypal.com/v1/payments/orders/O-00E46141YU0182826
[24-01-2019 20:55:47] PayPal\Core\PayPalHttpConnection : INFO: Response Status 	: 200
[25-01-2019 21:00:01] PayPal\Core\PayPalHttpConnection : INFO: POST https://api.sandbox.paypal.com/v1/oauth2/token
[25-01-2019 21:00:02] PayPal\Core\PayPalHttpConnection : INFO: Response Status 	: 200
[25-01-2019 21:00:02] PayPal\Core\PayPalHttpConnection : INFO: GET https://api.sandbox.paypal.com/v1/payments/payment/PAY-1BL73773JT0464419LRFXO7A
[25-01-2019 21:00:03] PayPal\Core\PayPalHttpConnection : INFO: Response Status 	: 200
[25-01-2019 21:00:03] PayPal\Core\PayPalHttpConnection : INFO: POST https://api.sandbox.paypal.com/v1/payments/payment/PAY-1BL73773JT0464419LRFXO7A/execute
[25-01-2019 21:00:06] PayPal\Core\PayPalHttpConnection : INFO: Response Status 	: 200
[25-01-2019 21:00:06] PayPal\Core\PayPalHttpConnection : INFO: GET https://api.sandbox.paypal.com/v1/payments/payment/PAY-1BL73773JT0464419LRFXO7A
[25-01-2019 21:00:07] PayPal\Core\PayPalHttpConnection : INFO: Response Status 	: 200
[25-01-2019 21:00:07] PayPal\Core\PayPalHttpConnection : INFO: GET https://api.sandbox.paypal.com/v1/payments/orders/O-71N822231Y948231A
[25-01-2019 21:00:08] PayPal\Core\PayPalHttpConnection : INFO: Response Status 	: 200
[09-02-2019 18:47:36] PayPal\Core\PayPalHttpConnection : INFO: POST https://api.sandbox.paypal.com/v1/oauth2/token
[09-02-2019 18:47:36] PayPal\Core\PayPalHttpConnection : INFO: Response Status 	: 200
[09-02-2019 18:47:36] PayPal\Core\PayPalHttpConnection : INFO: GET https://api.sandbox.paypal.com/v1/payments/payment/PAY-2FJ897027D308152DLRPR72A
[09-02-2019 18:47:37] PayPal\Core\PayPalHttpConnection : INFO: Response Status 	: 200
[09-02-2019 18:47:37] PayPal\Core\PayPalHttpConnection : INFO: POST https://api.sandbox.paypal.com/v1/payments/payment/PAY-2FJ897027D308152DLRPR72A/execute
[09-02-2019 18:47:42] PayPal\Core\PayPalHttpConnection : INFO: Response Status 	: 200
[09-02-2019 18:47:42] PayPal\Core\PayPalHttpConnection : INFO: GET https://api.sandbox.paypal.com/v1/payments/payment/PAY-2FJ897027D308152DLRPR72A
[09-02-2019 18:47:42] PayPal\Core\PayPalHttpConnection : INFO: Response Status 	: 200
[09-02-2019 18:47:42] PayPal\Core\PayPalHttpConnection : INFO: GET https://api.sandbox.paypal.com/v1/payments/orders/O-91N65567V34320356
[09-02-2019 18:47:43] PayPal\Core\PayPalHttpConnection : INFO: Response Status 	: 200
[22-02-2019 23:48:10] PayPal\Core\PayPalHttpConnection : INFO: POST https://api.paypal.com/v1/oauth2/token
[22-02-2019 23:48:11] PayPal\Core\PayPalHttpConnection : INFO: Response Status 	: 200
[22-02-2019 23:48:11] PayPal\Core\PayPalHttpConnection : INFO: GET https://api.paypal.com/v1/payments/payment/PAY-5AJ44465NF4808845LRYIT7Q
[22-02-2019 23:48:11] PayPal\Core\PayPalHttpConnection : INFO: Response Status 	: 200
[22-02-2019 23:48:11] PayPal\Core\PayPalHttpConnection : INFO: POST https://api.paypal.com/v1/payments/payment/PAY-5AJ44465NF4808845LRYIT7Q/execute
[22-02-2019 23:48:14] PayPal\Core\PayPalHttpConnection : INFO: Response Status 	: 200
[22-02-2019 23:48:14] PayPal\Core\PayPalHttpConnection : INFO: GET https://api.paypal.com/v1/payments/payment/PAY-5AJ44465NF4808845LRYIT7Q
[22-02-2019 23:48:14] PayPal\Core\PayPalHttpConnection : INFO: Response Status 	: 200
[22-02-2019 23:48:14] PayPal\Core\PayPalHttpConnection : INFO: GET https://api.paypal.com/v1/payments/orders/O-4FB63506JK188344J
[22-02-2019 23:48:15] PayPal\Core\PayPalHttpConnection : INFO: Response Status 	: 200
[26-02-2019 22:41:53] PayPal\Core\PayPalHttpConnection : INFO: POST https://api.paypal.com/v1/oauth2/token
[26-02-2019 22:41:54] PayPal\Core\PayPalHttpConnection : INFO: Response Status 	: 200
[26-02-2019 22:41:54] PayPal\Core\PayPalHttpConnection : INFO: GET https://api.paypal.com/v1/payments/payment/PAY-6HS29156VX897742NLR24BCY
[26-02-2019 22:41:55] PayPal\Core\PayPalHttpConnection : INFO: Response Status 	: 200
[26-02-2019 22:41:55] PayPal\Core\PayPalHttpConnection : INFO: POST https://api.paypal.com/v1/payments/payment/PAY-6HS29156VX897742NLR24BCY/execute
[26-02-2019 22:41:58] PayPal\Core\PayPalHttpConnection : INFO: Response Status 	: 200
[26-02-2019 22:41:58] PayPal\Core\PayPalHttpConnection : INFO: GET https://api.paypal.com/v1/payments/payment/PAY-6HS29156VX897742NLR24BCY
[26-02-2019 22:41:58] PayPal\Core\PayPalHttpConnection : INFO: Response Status 	: 200
[26-02-2019 22:41:58] PayPal\Core\PayPalHttpConnection : INFO: GET https://api.paypal.com/v1/payments/orders/O-9WD96823439990136
[26-02-2019 22:41:59] PayPal\Core\PayPalHttpConnection : INFO: Response Status 	: 200
[27-02-2019 07:42:12] PayPal\Core\PayPalHttpConnection : INFO: POST https://api.paypal.com/v1/oauth2/token
[27-02-2019 07:42:12] PayPal\Core\PayPalHttpConnection : INFO: Response Status 	: 200
[27-02-2019 07:42:12] PayPal\Core\PayPalHttpConnection : INFO: GET https://api.paypal.com/v1/payments/payment/PAY-5HA14143S54264051LR3D5QY
[27-02-2019 07:42:13] PayPal\Core\PayPalHttpConnection : INFO: Response Status 	: 200
[27-02-2019 07:42:13] PayPal\Core\PayPalHttpConnection : INFO: POST https://api.paypal.com/v1/payments/payment/PAY-5HA14143S54264051LR3D5QY/execute
[27-02-2019 07:42:15] PayPal\Core\PayPalHttpConnection : INFO: Response Status 	: 200
[27-02-2019 07:42:15] PayPal\Core\PayPalHttpConnection : INFO: GET https://api.paypal.com/v1/payments/payment/PAY-5HA14143S54264051LR3D5QY
[27-02-2019 07:42:16] PayPal\Core\PayPalHttpConnection : INFO: Response Status 	: 200
[27-02-2019 07:42:16] PayPal\Core\PayPalHttpConnection : INFO: GET https://api.paypal.com/v1/payments/orders/O-5CM56177DJ5113625
[27-02-2019 07:42:17] PayPal\Core\PayPalHttpConnection : INFO: Response Status 	: 200
[05-03-2019 15:31:39] PayPal\Core\PayPalHttpConnection : INFO: POST https://api.paypal.com/v1/oauth2/token
[05-03-2019 15:31:39] PayPal\Core\PayPalHttpConnection : INFO: Response Status 	: 200
[05-03-2019 15:31:39] PayPal\Core\PayPalHttpConnection : INFO: GET https://api.paypal.com/v1/payments/payment/PAY-1CS90408DA875680LLR7JGQQ
[05-03-2019 15:31:40] PayPal\Core\PayPalHttpConnection : INFO: Response Status 	: 200
[05-03-2019 15:31:40] PayPal\Core\PayPalHttpConnection : INFO: POST https://api.paypal.com/v1/payments/payment/PAY-1CS90408DA875680LLR7JGQQ/execute
[05-03-2019 15:31:44] PayPal\Core\PayPalHttpConnection : INFO: Response Status 	: 200
[05-03-2019 15:31:44] PayPal\Core\PayPalHttpConnection : INFO: GET https://api.paypal.com/v1/payments/payment/PAY-1CS90408DA875680LLR7JGQQ
[05-03-2019 15:31:45] PayPal\Core\PayPalHttpConnection : INFO: Response Status 	: 200
[05-03-2019 15:31:45] PayPal\Core\PayPalHttpConnection : INFO: GET https://api.paypal.com/v1/payments/orders/O-92293669R1125931X
[05-03-2019 15:31:45] PayPal\Core\PayPalHttpConnection : INFO: Response Status 	: 200
[06-03-2019 14:14:04] PayPal\Core\PayPalHttpConnection : INFO: POST https://api.paypal.com/v1/oauth2/token
[06-03-2019 14:14:05] PayPal\Core\PayPalHttpConnection : INFO: Response Status 	: 200
[06-03-2019 14:14:05] PayPal\Core\PayPalHttpConnection : INFO: GET https://api.paypal.com/v1/payments/payment/PAY-80Y82894PH856591WLR75KPA
[06-03-2019 14:14:06] PayPal\Core\PayPalHttpConnection : INFO: Response Status 	: 200
[06-03-2019 14:14:06] PayPal\Core\PayPalHttpConnection : INFO: POST https://api.paypal.com/v1/payments/payment/PAY-80Y82894PH856591WLR75KPA/execute
[06-03-2019 14:14:09] PayPal\Core\PayPalHttpConnection : INFO: Response Status 	: 200
[06-03-2019 14:14:09] PayPal\Core\PayPalHttpConnection : INFO: GET https://api.paypal.com/v1/payments/payment/PAY-80Y82894PH856591WLR75KPA
[06-03-2019 14:14:09] PayPal\Core\PayPalHttpConnection : INFO: Response Status 	: 200
[06-03-2019 14:14:09] PayPal\Core\PayPalHttpConnection : INFO: GET https://api.paypal.com/v1/payments/orders/O-31W96320722346434
[06-03-2019 14:14:10] PayPal\Core\PayPalHttpConnection : INFO: Response Status 	: 200
[06-03-2019 14:23:37] PayPal\Core\PayPalHttpConnection : INFO: POST https://api.paypal.com/v1/oauth2/token
[06-03-2019 14:23:37] PayPal\Core\PayPalHttpConnection : INFO: Response Status 	: 200
[06-03-2019 14:23:37] PayPal\Core\PayPalHttpConnection : INFO: GET https://api.paypal.com/v1/payments/payment/PAY-03477796VT277810CLR75PSA
[06-03-2019 14:23:38] PayPal\Core\PayPalHttpConnection : INFO: Response Status 	: 200
[06-03-2019 14:23:38] PayPal\Core\PayPalHttpConnection : INFO: POST https://api.paypal.com/v1/payments/payment/PAY-03477796VT277810CLR75PSA/execute
[06-03-2019 14:23:41] PayPal\Core\PayPalHttpConnection : INFO: Response Status 	: 200
[06-03-2019 14:23:41] PayPal\Core\PayPalHttpConnection : INFO: GET https://api.paypal.com/v1/payments/payment/PAY-03477796VT277810CLR75PSA
[06-03-2019 14:23:41] PayPal\Core\PayPalHttpConnection : INFO: Response Status 	: 200
[06-03-2019 14:23:41] PayPal\Core\PayPalHttpConnection : INFO: GET https://api.paypal.com/v1/payments/orders/O-1XW07018VH574763J
[06-03-2019 14:23:42] PayPal\Core\PayPalHttpConnection : INFO: Response Status 	: 200
[06-03-2019 14:41:06] PayPal\Core\PayPalHttpConnection : INFO: POST https://api.paypal.com/v1/oauth2/token
[06-03-2019 14:41:06] PayPal\Core\PayPalHttpConnection : INFO: Response Status 	: 200
[06-03-2019 14:41:06] PayPal\Core\PayPalHttpConnection : INFO: GET https://api.paypal.com/v1/payments/payment/PAY-3C690512UN724071BLR75XQA
[06-03-2019 14:41:07] PayPal\Core\PayPalHttpConnection : INFO: Response Status 	: 200
[06-03-2019 14:41:07] PayPal\Core\PayPalHttpConnection : INFO: POST https://api.paypal.com/v1/payments/payment/PAY-3C690512UN724071BLR75XQA/execute
[06-03-2019 14:41:10] PayPal\Core\PayPalHttpConnection : INFO: Response Status 	: 200
[06-03-2019 14:41:10] PayPal\Core\PayPalHttpConnection : INFO: GET https://api.paypal.com/v1/payments/payment/PAY-3C690512UN724071BLR75XQA
[06-03-2019 14:41:11] PayPal\Core\PayPalHttpConnection : INFO: Response Status 	: 200
[06-03-2019 14:41:11] PayPal\Core\PayPalHttpConnection : INFO: GET https://api.paypal.com/v1/payments/orders/O-78J55728U60653605
[06-03-2019 14:41:12] PayPal\Core\PayPalHttpConnection : INFO: Response Status 	: 200
[08-03-2019 15:52:03] PayPal\Core\PayPalHttpConnection : INFO: POST https://api.paypal.com/v1/oauth2/token
[08-03-2019 15:52:03] PayPal\Core\PayPalHttpConnection : INFO: Response Status 	: 200
[08-03-2019 15:52:03] PayPal\Core\PayPalHttpConnection : INFO: GET https://api.paypal.com/v1/payments/payment/PAY-61D90288JY112302FLSBI63A
[08-03-2019 15:52:04] PayPal\Core\PayPalHttpConnection : INFO: Response Status 	: 200
[08-03-2019 15:52:04] PayPal\Core\PayPalHttpConnection : INFO: POST https://api.paypal.com/v1/payments/payment/PAY-61D90288JY112302FLSBI63A/execute
[08-03-2019 15:52:07] PayPal\Core\PayPalHttpConnection : INFO: Response Status 	: 200
[08-03-2019 15:52:07] PayPal\Core\PayPalHttpConnection : INFO: GET https://api.paypal.com/v1/payments/authorization/O-4PH08975RG841642V
[08-03-2019 15:52:08] PayPal\Core\PayPalHttpConnection : INFO: Response Status 	: 200
[08-03-2019 15:52:08] PayPal\Core\PayPalHttpConnection : INFO: POST https://api.paypal.com/v1/payments/authorization/O-4PH08975RG841642V/capture
[08-03-2019 15:52:15] PayPal\Core\PayPalHttpConnection : INFO: Response Status 	: 201
[08-03-2019 15:52:15] PayPal\Core\PayPalHttpConnection : INFO: GET https://api.paypal.com/v1/payments/orders/O-4PH08975RG841642V
[08-03-2019 15:52:16] PayPal\Core\PayPalHttpConnection : INFO: Response Status 	: 200
[13-03-2019 19:19:56] PayPal\Core\PayPalHttpConnection : INFO: POST https://api.paypal.com/v1/oauth2/token
[13-03-2019 19:19:57] PayPal\Core\PayPalHttpConnection : INFO: Response Status 	: 200
[13-03-2019 19:19:57] PayPal\Core\PayPalHttpConnection : INFO: GET https://api.paypal.com/v1/payments/payment/PAY-8NP701407E1087328LSEVPJI
[13-03-2019 19:19:58] PayPal\Core\PayPalHttpConnection : INFO: Response Status 	: 200
[13-03-2019 19:19:58] PayPal\Core\PayPalHttpConnection : INFO: POST https://api.paypal.com/v1/payments/payment/PAY-8NP701407E1087328LSEVPJI/execute
[13-03-2019 19:20:01] PayPal\Core\PayPalHttpConnection : INFO: Response Status 	: 200
[13-03-2019 19:20:01] PayPal\Core\PayPalHttpConnection : INFO: GET https://api.paypal.com/v1/payments/authorization/O-6B2866054A2171717
[13-03-2019 19:20:02] PayPal\Core\PayPalHttpConnection : INFO: Response Status 	: 200
[13-03-2019 19:20:02] PayPal\Core\PayPalHttpConnection : INFO: POST https://api.paypal.com/v1/payments/authorization/O-6B2866054A2171717/capture
[13-03-2019 19:20:08] PayPal\Core\PayPalHttpConnection : INFO: Response Status 	: 201
[13-03-2019 19:20:08] PayPal\Core\PayPalHttpConnection : INFO: GET https://api.paypal.com/v1/payments/orders/O-6B2866054A2171717
[13-03-2019 19:20:09] PayPal\Core\PayPalHttpConnection : INFO: Response Status 	: 200
[15-03-2019 19:13:31] PayPal\Core\PayPalHttpConnection : INFO: POST https://api.paypal.com/v1/oauth2/token
[15-03-2019 19:13:32] PayPal\Core\PayPalHttpConnection : INFO: Response Status 	: 200
[15-03-2019 19:13:32] PayPal\Core\PayPalHttpConnection : INFO: GET https://api.paypal.com/v1/payments/payment/PAY-74E72402EC865140VLSF7R6I
[15-03-2019 19:13:33] PayPal\Core\PayPalHttpConnection : INFO: Response Status 	: 200
[15-03-2019 19:13:33] PayPal\Core\PayPalHttpConnection : INFO: POST https://api.paypal.com/v1/payments/payment/PAY-74E72402EC865140VLSF7R6I/execute
[15-03-2019 19:13:35] PayPal\Core\PayPalHttpConnection : INFO: Response Status 	: 200
[15-03-2019 19:13:35] PayPal\Core\PayPalHttpConnection : INFO: GET https://api.paypal.com/v1/payments/authorization/O-8Y484275MB832034M
[15-03-2019 19:13:36] PayPal\Core\PayPalHttpConnection : INFO: Response Status 	: 200
[15-03-2019 19:13:36] PayPal\Core\PayPalHttpConnection : INFO: POST https://api.paypal.com/v1/payments/authorization/O-8Y484275MB832034M/capture
[15-03-2019 19:13:42] PayPal\Core\PayPalHttpConnection : INFO: Response Status 	: 201
[15-03-2019 19:13:42] PayPal\Core\PayPalHttpConnection : INFO: GET https://api.paypal.com/v1/payments/orders/O-8Y484275MB832034M
[15-03-2019 19:13:43] PayPal\Core\PayPalHttpConnection : INFO: Response Status 	: 200
[21-03-2019 08:37:34] PayPal\Core\PayPalHttpConnection : INFO: POST https://api.paypal.com/v1/oauth2/token
[21-03-2019 08:37:35] PayPal\Core\PayPalHttpConnection : INFO: Response Status 	: 200
[21-03-2019 08:37:35] PayPal\Core\PayPalHttpConnection : INFO: GET https://api.paypal.com/v1/payments/payment/PAY-6LC13318KT680924XLSJU2IA
[21-03-2019 08:37:35] PayPal\Core\PayPalHttpConnection : INFO: Response Status 	: 200
[21-03-2019 08:37:35] PayPal\Core\PayPalHttpConnection : INFO: POST https://api.paypal.com/v1/payments/payment/PAY-6LC13318KT680924XLSJU2IA/execute
[21-03-2019 08:37:38] PayPal\Core\PayPalHttpConnection : INFO: Response Status 	: 200
[21-03-2019 08:37:38] PayPal\Core\PayPalHttpConnection : INFO: GET https://api.paypal.com/v1/payments/authorization/O-1C872988RJ9555121
[21-03-2019 08:37:39] PayPal\Core\PayPalHttpConnection : INFO: Response Status 	: 200
[21-03-2019 08:37:39] PayPal\Core\PayPalHttpConnection : INFO: POST https://api.paypal.com/v1/payments/authorization/O-1C872988RJ9555121/capture
[21-03-2019 08:37:47] PayPal\Core\PayPalHttpConnection : INFO: Response Status 	: 400
[21-03-2019 08:37:47] PayPal\Core\PayPalHttpConnection : ERROR: Got Http response code 400 when accessing https://api.paypal.com/v1/payments/authorization/O-1C872988RJ9555121/capture. {"name":"PAYER_CANNOT_PAY","message":"Combination of payer and payee settings mean that this buyer cannot pay this seller.","information_link":"https://developer.paypal.com/docs/api/payments/#errors","debug_id":"b5350e49a0350"}
[21-03-2019 16:56:56] PayPal\Core\PayPalHttpConnection : INFO: POST https://api.paypal.com/v1/oauth2/token
[21-03-2019 16:56:57] PayPal\Core\PayPalHttpConnection : INFO: Response Status 	: 200
[21-03-2019 16:56:57] PayPal\Core\PayPalHttpConnection : INFO: GET https://api.paypal.com/v1/payments/payment/PAY-3VF059459B245324CLSJ4EIQ
[21-03-2019 16:56:58] PayPal\Core\PayPalHttpConnection : INFO: Response Status 	: 200
[21-03-2019 16:56:58] PayPal\Core\PayPalHttpConnection : INFO: POST https://api.paypal.com/v1/payments/payment/PAY-3VF059459B245324CLSJ4EIQ/execute
[21-03-2019 16:57:01] PayPal\Core\PayPalHttpConnection : INFO: Response Status 	: 200
[21-03-2019 16:57:01] PayPal\Core\PayPalHttpConnection : INFO: GET https://api.paypal.com/v1/payments/authorization/O-400923257W633473X
[21-03-2019 16:57:02] PayPal\Core\PayPalHttpConnection : INFO: Response Status 	: 200
[21-03-2019 16:57:02] PayPal\Core\PayPalHttpConnection : INFO: POST https://api.paypal.com/v1/payments/authorization/O-400923257W633473X/capture
[21-03-2019 16:57:09] PayPal\Core\PayPalHttpConnection : INFO: Response Status 	: 201
[21-03-2019 16:57:09] PayPal\Core\PayPalHttpConnection : INFO: GET https://api.paypal.com/v1/payments/orders/O-400923257W633473X
[21-03-2019 16:57:10] PayPal\Core\PayPalHttpConnection : INFO: Response Status 	: 200
[22-03-2019 01:05:51] PayPal\Core\PayPalHttpConnection : INFO: POST https://api.paypal.com/v1/oauth2/token
[22-03-2019 01:05:51] PayPal\Core\PayPalHttpConnection : INFO: Response Status 	: 200
[22-03-2019 01:05:51] PayPal\Core\PayPalHttpConnection : INFO: GET https://api.paypal.com/v1/payments/payment/PAY-6AD60232BW8767517LSKDJFA
[22-03-2019 01:05:52] PayPal\Core\PayPalHttpConnection : INFO: Response Status 	: 200
[22-03-2019 01:05:52] PayPal\Core\PayPalHttpConnection : INFO: POST https://api.paypal.com/v1/payments/payment/PAY-6AD60232BW8767517LSKDJFA/execute
[22-03-2019 01:05:55] PayPal\Core\PayPalHttpConnection : INFO: Response Status 	: 200
[22-03-2019 01:05:55] PayPal\Core\PayPalHttpConnection : INFO: GET https://api.paypal.com/v1/payments/authorization/O-0BU14460H41704004
[22-03-2019 01:05:56] PayPal\Core\PayPalHttpConnection : INFO: Response Status 	: 200
[22-03-2019 01:05:56] PayPal\Core\PayPalHttpConnection : INFO: POST https://api.paypal.com/v1/payments/authorization/O-0BU14460H41704004/capture
[22-03-2019 01:06:04] PayPal\Core\PayPalHttpConnection : INFO: Response Status 	: 201
[22-03-2019 01:06:04] PayPal\Core\PayPalHttpConnection : INFO: GET https://api.paypal.com/v1/payments/orders/O-0BU14460H41704004
[22-03-2019 01:06:04] PayPal\Core\PayPalHttpConnection : INFO: Response Status 	: 200
[05-04-2019 20:13:27] PayPal\Core\PayPalHttpConnection : INFO: POST https://api.paypal.com/v1/oauth2/token
[05-04-2019 20:13:27] PayPal\Core\PayPalHttpConnection : INFO: Response Status 	: 200
[05-04-2019 20:13:27] PayPal\Core\PayPalHttpConnection : INFO: GET https://api.paypal.com/v1/payments/payment/PAY-0LF21549L68995539LST3NJQ
[05-04-2019 20:13:28] PayPal\Core\PayPalHttpConnection : INFO: Response Status 	: 200
[05-04-2019 20:13:28] PayPal\Core\PayPalHttpConnection : INFO: POST https://api.paypal.com/v1/payments/payment/PAY-0LF21549L68995539LST3NJQ/execute
[05-04-2019 20:13:31] PayPal\Core\PayPalHttpConnection : INFO: Response Status 	: 200
[05-04-2019 20:13:31] PayPal\Core\PayPalHttpConnection : INFO: GET https://api.paypal.com/v1/payments/authorization/O-43H94618CB2162915
[05-04-2019 20:13:32] PayPal\Core\PayPalHttpConnection : INFO: Response Status 	: 200
[05-04-2019 20:13:32] PayPal\Core\PayPalHttpConnection : INFO: POST https://api.paypal.com/v1/payments/authorization/O-43H94618CB2162915/capture
[05-04-2019 20:13:38] PayPal\Core\PayPalHttpConnection : INFO: Response Status 	: 201
[05-04-2019 20:13:38] PayPal\Core\PayPalHttpConnection : INFO: GET https://api.paypal.com/v1/payments/orders/O-43H94618CB2162915
[05-04-2019 20:13:39] PayPal\Core\PayPalHttpConnection : INFO: Response Status 	: 200
